Vastumbot/app/build/intermediates/manifest_merge_blame_file/debug/manifest-merger-blame-debug-report.txt
1<?xml version="1.0" encoding="utf-8"?>
2<manifest xmlns:android="http://schemas.android.com/apk/res/android"
3    package="com.vastumbot.vastummap"
4    android:versionCode="1"
5    android:versionName="1.0" >
6
7    <uses-sdk
8        android:minSdkVersion="21"
8-->src\main\AndroidManifest.xml
9        android:targetSdkVersion="31" />
9-->src\main\AndroidManifest.xml
10
11    <!--
12         The ACCESS_COARSE/FINE_LOCATION permissions are not required to use
13         Google Maps Android API v2, but you must specify either coarse or fine
14         location permissions for the "MyLocation" functionality.
15    -->
16    <uses-permission android:name="android.permission.ACCESS_FINE_LOCATION" />
16-->src\main\AndroidManifest.xml:12:5-79
16-->src\main\AndroidManifest.xml:12:22-76
17    <uses-permission android:name="android.permission.WRITE_EXTERNAL_STORAGE" />
17-->src\main\AndroidManifest.xml:13:5-81
17-->src\main\AndroidManifest.xml:13:22-78
18    <uses-permission android:name="android.permission.ACCESS_WIFI_STATE" />
18-->src\main\AndroidManifest.xml:14:5-75
18-->src\main\AndroidManifest.xml:14:22-73
19    <uses-permission android:name="android.permission.INTERNET" />
19-->src\main\AndroidManifest.xml:15:5-66
19-->src\main\AndroidManifest.xml:15:22-64
20    <uses-permission android:name="android.permission.ACCESS_NETWORK_STATE" />
20-->src\main\AndroidManifest.xml:16:5-78
20-->src\main\AndroidManifest.xml:16:22-76
21    <uses-permission android:name="android.permission.READ_EXTERNAL_STORAGE" />
21-->src\main\AndroidManifest.xml:17:5-79
21-->src\main\AndroidManifest.xml:17:22-77
22
23    <uses-feature
23-->[com.google.android.gms:play-services-maps:18.0.0] AndroidManifest.xml:26:5-28:35
24        android:glEsVersion="0x00020000"
24-->[com.google.android.gms:play-services-maps:18.0.0] AndroidManifest.xml:27:9-41
25        android:required="true" />
25-->[com.google.android.gms:play-services-maps:18.0.0] AndroidManifest.xml:28:9-32
26
27    <queries>
27-->[com.google.android.gms:play-services-maps:18.0.0] AndroidManifest.xml:30:5-34:15
28
29        <!-- Needs to be explicitly declared on Android R+ -->
30        <package android:name="com.google.android.apps.maps" />
30-->[com.google.android.gms:play-services-maps:18.0.0] AndroidManifest.xml:33:9-64
30-->[com.google.android.gms:play-services-maps:18.0.0] AndroidManifest.xml:33:18-61
31    </queries>
32
33    <supports-screens
33-->[org.osmdroid:osmdroid-android:6.1.5] AndroidManifest.xml:11:5-14:40
34        android:anyDensity="true"
34-->[org.osmdroid:osmdroid-android:6.1.5] AndroidManifest.xml:12:9-34
35        android:largeScreens="true"
35-->[org.osmdroid:osmdroid-android:6.1.5] AndroidManifest.xml:13:9-36
36        android:normalScreens="true" />
36-->[org.osmdroid:osmdroid-android:6.1.5] AndroidManifest.xml:14:9-37
37
38    <uses-feature
38-->[org.osmdroid:osmdroid-android:6.1.5] AndroidManifest.xml:16:5-18:36
39        android:name="android.hardware.location.network"
39-->[org.osmdroid:osmdroid-android:6.1.5] AndroidManifest.xml:17:9-57
40        android:required="false" />
40-->[org.osmdroid:osmdroid-android:6.1.5] AndroidManifest.xml:18:9-33
41    <uses-feature
41-->[org.osmdroid:osmdroid-android:6.1.5] AndroidManifest.xml:19:5-21:36
42        android:name="android.hardware.location.gps"
42-->[org.osmdroid:osmdroid-android:6.1.5] AndroidManifest.xml:20:9-53
43        android:required="false" />
43-->[org.osmdroid:osmdroid-android:6.1.5] AndroidManifest.xml:21:9-33
44    <uses-feature
44-->[org.osmdroid:osmdroid-android:6.1.5] AndroidManifest.xml:22:5-24:36
45        android:name="android.hardware.telephony"
45-->[org.osmdroid:osmdroid-android:6.1.5] AndroidManifest.xml:23:9-50
46        android:required="false" />
46-->[org.osmdroid:osmdroid-android:6.1.5] AndroidManifest.xml:24:9-33
47    <uses-feature
47-->[org.osmdroid:osmdroid-android:6.1.5] AndroidManifest.xml:25:5-27:36
48        android:name="android.hardware.wifi"
48-->[org.osmdroid:osmdroid-android:6.1.5] AndroidManifest.xml:26:9-45
49        android:required="false" />
49-->[org.osmdroid:osmdroid-android:6.1.5] AndroidManifest.xml:27:9-33
50
51    <application
51-->src\main\AndroidManifest.xml:19:5-61:19
52        android:allowBackup="true"
52-->src\main\AndroidManifest.xml:20:9-35
53        android:appComponentFactory="androidx.core.app.CoreComponentFactory"
53-->[androidx.core:core:1.7.0] AndroidManifest.xml:24:18-86
54        android:debuggable="true"
55        android:icon="@mipmap/ic_launcher"
55-->src\main\AndroidManifest.xml:21:9-43
56        android:label="@string/app_name"
56-->src\main\AndroidManifest.xml:22:9-41
57        android:roundIcon="@mipmap/ic_launcher_round"
57-->src\main\AndroidManifest.xml:23:9-54
58        android:supportsRtl="true"
58-->src\main\AndroidManifest.xml:24:9-35
59        android:testOnly="true"
60        android:theme="@style/Theme.MyApplication" >
60-->src\main\AndroidManifest.xml:25:9-51
61
62        <!--
63             The API key for Google Maps-based APIs is defined as a string resource.
64             (See the file "res/values/google_maps_api.xml").
65             Note that the API key is linked to the encryption key used to sign the APK.
66             You need a different API key for each encryption key, including the release key that is used to
67             sign the APK for publishing.
68             You can define the keys for the debug and release targets in src/debug/ and src/release/.
69        -->
70        <meta-data
70-->src\main\AndroidManifest.xml:36:9-38:55
71            android:name="com.google.android.geo.API_KEY"
71-->src\main\AndroidManifest.xml:37:13-58
72            android:value="@string/google_maps_key" />
72-->src\main\AndroidManifest.xml:38:13-52
73
74        <activity
74-->src\main\AndroidManifest.xml:40:9-49:20
75            android:name="com.vastumbot.vastummap.MainActivity"
75-->src\main\AndroidManifest.xml:41:13-64
76            android:exported="true"
76-->src\main\AndroidManifest.xml:42:13-36
77            android:label="@string/title_activity_maps" >
77-->src\main\AndroidManifest.xml:43:13-56
78            <intent-filter>
78-->src\main\AndroidManifest.xml:44:13-48:29
79                <action android:name="android.intent.action.MAIN" />
79-->src\main\AndroidManifest.xml:45:17-69
79-->src\main\AndroidManifest.xml:45:25-66
80
81                <category android:name="android.intent.category.LAUNCHER" />
81-->src\main\AndroidManifest.xml:47:17-77
81-->src\main\AndroidManifest.xml:47:27-74
82            </intent-filter>
83        </activity>
84        <activity
84-->src\main\AndroidManifest.xml:50:9-54:20
85            android:name="com.vastumbot.vastummap.MapsActivity"
85-->src\main\AndroidManifest.xml:51:13-64
86            android:exported="true"
86-->src\main\AndroidManifest.xml:52:13-36
87            android:label="@string/title_activity_maps" >
87-->src\main\AndroidManifest.xml:53:13-56
88        </activity>
89        <activity
89-->src\main\AndroidManifest.xml:56:9-60:20
90            android:name="com.vastumbot.vastummap.ImageView"
90-->src\main\AndroidManifest.xml:57:13-61
91            android:exported="true"
91-->src\main\AndroidManifest.xml:58:13-36
92            android:label="@string/title_activity_maps" >
92-->src\main\AndroidManifest.xml:59:13-56
93        </activity>
94        <activity
94-->[com.google.android.libraries.places:places:2.5.0] AndroidManifest.xml:14:9-20:20
95            android:name="com.google.android.libraries.places.widget.AutocompleteActivity"
95-->[com.google.android.libraries.places:places:2.5.0] AndroidManifest.xml:15:13-91
96            android:exported="false"
96-->[com.google.android.libraries.places:places:2.5.0] AndroidManifest.xml:16:13-37
97            android:label="@string/places_autocomplete_label"
97-->[com.google.android.libraries.places:places:2.5.0] AndroidManifest.xml:17:13-62
98            android:theme="@style/PlacesAutocompleteOverlay"
98-->[com.google.android.libraries.places:places:2.5.0] AndroidManifest.xml:18:13-61
99            android:windowSoftInputMode="adjustResize" >
99-->[com.google.android.libraries.places:places:2.5.0] AndroidManifest.xml:19:13-55
100        </activity> <!-- Needs to be explicitly declared on P+ -->
101        <uses-library
101-->[com.google.android.gms:play-services-maps:18.0.0] AndroidManifest.xml:39:9-41:40
102            android:name="org.apache.http.legacy"
102-->[com.google.android.gms:play-services-maps:18.0.0] AndroidManifest.xml:40:13-50
103            android:required="false" />
103-->[com.google.android.gms:play-services-maps:18.0.0] AndroidManifest.xml:41:13-37
104
105        <activity
105-->[com.google.android.gms:play-services-base:17.2.1] AndroidManifest.xml:23:9-26:75
106            android:name="com.google.android.gms.common.api.GoogleApiActivity"
106-->[com.google.android.gms:play-services-base:17.2.1] AndroidManifest.xml:24:13-79
107            android:exported="false"
107-->[com.google.android.gms:play-services-base:17.2.1] AndroidManifest.xml:25:13-37
108            android:theme="@android:style/Theme.Translucent.NoTitleBar" />
108-->[com.google.android.gms:play-services-base:17.2.1] AndroidManifest.xml:26:13-72
109
110        <meta-data
110-->[com.google.android.gms:play-services-basement:17.2.1] AndroidManifest.xml:23:9-25:69
111            android:name="com.google.android.gms.version"
111-->[com.google.android.gms:play-services-basement:17.2.1] AndroidManifest.xml:24:13-58
112            android:value="@integer/google_play_services_version" />
112-->[com.google.android.gms:play-services-basement:17.2.1] AndroidManifest.xml:25:13-66
113
114        <provider
114-->[androidx.emoji2:emoji2:1.0.0] AndroidManifest.xml:26:9-34:20
115            android:name="androidx.startup.InitializationProvider"
115-->[androidx.emoji2:emoji2:1.0.0] AndroidManifest.xml:27:13-67
116            android:authorities="com.vastumbot.vastummap.androidx-startup"
116-->[androidx.emoji2:emoji2:1.0.0] AndroidManifest.xml:28:13-68
117            android:exported="false" >
117-->[androidx.emoji2:emoji2:1.0.0] AndroidManifest.xml:29:13-37
118            <meta-data
118-->[androidx.emoji2:emoji2:1.0.0] AndroidManifest.xml:31:13-33:52
119                android:name="androidx.emoji2.text.EmojiCompatInitializer"
119-->[androidx.emoji2:emoji2:1.0.0] AndroidManifest.xml:32:17-75
120                android:value="androidx.startup" />
120-->[androidx.emoji2:emoji2:1.0.0] AndroidManifest.xml:33:17-49
121            <meta-data
121-->[androidx.lifecycle:lifecycle-process:2.4.0] AndroidManifest.xml:31:13-33:52
122                android:name="androidx.lifecycle.ProcessLifecycleInitializer"
122-->[androidx.lifecycle:lifecycle-process:2.4.0] AndroidManifest.xml:32:17-78
123                android:value="androidx.startup" />
123-->[androidx.lifecycle:lifecycle-process:2.4.0] AndroidManifest.xml:33:17-49
124        </provider>
125
126        <service
126-->[com.google.android.datatransport:transport-backend-cct:2.3.0] AndroidManifest.xml:29:9-35:19
127            android:name="com.google.android.datatransport.runtime.backends.TransportBackendDiscovery"
127-->[com.google.android.datatransport:transport-backend-cct:2.3.0] AndroidManifest.xml:30:13-103
128            android:exported="false" >
128-->[com.google.android.datatransport:transport-backend-cct:2.3.0] AndroidManifest.xml:31:13-37
129            <meta-data
129-->[com.google.android.datatransport:transport-backend-cct:2.3.0] AndroidManifest.xml:32:13-34:39
130                android:name="backend:com.google.android.datatransport.cct.CctBackendFactory"
130-->[com.google.android.datatransport:transport-backend-cct:2.3.0] AndroidManifest.xml:33:17-94
131                android:value="cct" />
131-->[com.google.android.datatransport:transport-backend-cct:2.3.0] AndroidManifest.xml:34:17-36
132        </service>
133        <service
133-->[com.google.android.datatransport:transport-runtime:2.2.3] AndroidManifest.xml:26:9-30:19
134            android:name="com.google.android.datatransport.runtime.scheduling.jobscheduling.JobInfoSchedulerService"
134-->[com.google.android.datatransport:transport-runtime:2.2.3] AndroidManifest.xml:27:13-117
135            android:exported="false"
135-->[com.google.android.datatransport:transport-runtime:2.2.3] AndroidManifest.xml:28:13-37
136            android:permission="android.permission.BIND_JOB_SERVICE" >
136-->[com.google.android.datatransport:transport-runtime:2.2.3] AndroidManifest.xml:29:13-69
137        </service>
138
139        <receiver
139-->[com.google.android.datatransport:transport-runtime:2.2.3] AndroidManifest.xml:32:9-34:40
140            android:name="com.google.android.datatransport.runtime.scheduling.jobscheduling.AlarmManagerSchedulerBroadcastReceiver"
140-->[com.google.android.datatransport:transport-runtime:2.2.3] AndroidManifest.xml:33:13-132
141            android:exported="false" />
141-->[com.google.android.datatransport:transport-runtime:2.2.3] AndroidManifest.xml:34:13-37
142    </application>
143
144</manifest>